0 info it worked if it ends with ok
1 verbose cli [ '/usr/bin/nodejs', '/usr/local/bin/npm', 'run', 'repl' ]
2 info using npm@3.10.8
3 info using node@v7.9.0
4 verbose run-script [ 'prerepl', 'repl', 'postrepl' ]
5 info lifecycle symbiants@0.0.4~prerepl: symbiants@0.0.4
6 silly lifecycle symbiants@0.0.4~prerepl: no script for prerepl, continuing
7 info lifecycle symbiants@0.0.4~repl: symbiants@0.0.4
8 verbose lifecycle symbiants@0.0.4~repl: unsafe-perm in lifecycle true
9 verbose lifecycle symbiants@0.0.4~repl: PATH: /usr/local/lib/node_modules/npm/bin/node-gyp-bin:/home/aaron/devel/groups/mine/Engine/node_modules/.bin:/home/aaron/bin:/usr/local/bin:/usr/bin:/bin:/usr/local/games:/usr/games
10 verbose lifecycle symbiants@0.0.4~repl: CWD: /home/aaron/devel/groups/mine/Engine
11 silly lifecycle symbiants@0.0.4~repl: Args: [ '-c', 'sibilant -x ./scripts/repl.sibilant' ]
12 silly lifecycle symbiants@0.0.4~repl: Returned: code: 1  signal: null
13 info lifecycle symbiants@0.0.4~repl: Failed to exec repl script
14 verbose stack Error: symbiants@0.0.4 repl: `sibilant -x ./scripts/repl.sibilant`
14 verbose stack Exit status 1
14 verbose stack     at EventEmitter.<anonymous> (/usr/local/lib/node_modules/npm/lib/utils/lifecycle.js:255:16)
14 verbose stack     at emitTwo (events.js:106:13)
14 verbose stack     at EventEmitter.emit (events.js:194:7)
14 verbose stack     at ChildProcess.<anonymous> (/usr/local/lib/node_modules/npm/lib/utils/spawn.js:40:14)
14 verbose stack     at emitTwo (events.js:106:13)
14 verbose stack     at ChildProcess.emit (events.js:194:7)
14 verbose stack     at maybeClose (internal/child_process.js:899:16)
14 verbose stack     at Process.ChildProcess._handle.onexit (internal/child_process.js:226:5)
15 verbose pkgid symbiants@0.0.4
16 verbose cwd /home/aaron/devel/groups/mine/Engine
17 error Linux 3.16.0-4-amd64
18 error argv "/usr/bin/nodejs" "/usr/local/bin/npm" "run" "repl"
19 error node v7.9.0
20 error npm  v3.10.8
21 error code ELIFECYCLE
22 error symbiants@0.0.4 repl: `sibilant -x ./scripts/repl.sibilant`
22 error Exit status 1
23 error Failed at the symbiants@0.0.4 repl script 'sibilant -x ./scripts/repl.sibilant'.
23 error Make sure you have the latest version of node.js and npm installed.
23 error If you do, this is most likely a problem with the symbiants package,
23 error not with npm itself.
23 error Tell the author that this fails on your system:
23 error     sibilant -x ./scripts/repl.sibilant
23 error You can get information on how to open an issue for this project with:
23 error     npm bugs symbiants
23 error Or if that isn't available, you can get their info via:
23 error     npm owner ls symbiants
23 error There is likely additional logging output above.
24 verbose exit [ 1, true ]
